<?xml version="1.0" encoding="UTF-8"?>
<!-- Generated by org.testng.reporters.JUnitXMLReporter -->
<testsuite hostname="P4A-508SCN9" name="Surefire test" tests="3" failures="1" timestamp="25 Jul 2018 07:20:38 GMT" time="30.18" errors="0">
  <testcase name="LoginInvalid" time="0.007" classname="tests.LoginTest">
    <failure type="java.lang.AssertionError" message="expected [Tested123] but found [Tested]">
      <![CDATA[java.lang.AssertionError: expected [Tested123] but found [Tested]
	at tests.LoginTest.LoginInvalid(LoginTest.java:21)
	at org.apache.maven.surefire.testng.TestNGExecutor.run(TestNGExecutor.java:115)
	at org.apache.maven.surefire.testng.TestNGDirectoryTestSuite.executeMulti(TestNGDirectoryTestSuite.java:205)
	at org.apache.maven.surefire.testng.TestNGDirectoryTestSuite.execute(TestNGDirectoryTestSuite.java:108)
	at org.apache.maven.surefire.testng.TestNGProvider.invoke(TestNGProvider.java:111)
	at org.apache.maven.surefire.booter.ForkedBooter.invokeProviderInSameClassLoader(ForkedBooter.java:203)
	at org.apache.maven.surefire.booter.ForkedBooter.runSuitesInProcess(ForkedBooter.java:155)
	at org.apache.maven.surefire.booter.ForkedBooter.main(ForkedBooter.java:103)
... Removed 26 stack frames]]>
    </failure>
  </testcase> <!-- LoginInvalid -->
  <testcase name="LoginValid" time="0.0" classname="tests.LoginTest"/>
  <testcase name="TestRegistration" time="7.742" classname="tests.RegistrationTest"/>
</testsuite> <!-- Surefire test -->
